I, [2018-01-06T01:45:47.632194 #6091]  INFO -- Kitchen: -----> Starting Kitchen (v1.19.2)
I, [2018-01-06T01:45:49.491872 #6091]  INFO -- Kitchen: -----> Converging <default-ubuntu-1404>...
E, [2018-01-06T01:48:40.582093 #6091] ERROR -- Kitchen: ------Exception-------
E, [2018-01-06T01:48:40.582142 #6091] ERROR -- Kitchen: Class: Kitchen::ActionFailed
E, [2018-01-06T01:48:40.582174 #6091] ERROR -- Kitchen: Message: 1 actions failed.
>>>>>>     Converge failed on instance <default-ubuntu-1404>.  Please see .kitchen/logs/default-ubuntu-1404.log for more details
E, [2018-01-06T01:48:40.582203 #6091] ERROR -- Kitchen: ----------------------
E, [2018-01-06T01:48:40.582233 #6091] ERROR -- Kitchen: ------Backtrace-------
E, [2018-01-06T01:48:40.582262 #6091] ERROR -- Kitchen: /opt/chefdk/embedded/lib/ruby/gems/2.4.0/gems/test-kitchen-1.19.2/lib/kitchen/command.rb:183:in `report_errors'
E, [2018-01-06T01:48:40.582291 #6091] ERROR -- Kitchen: /opt/chefdk/embedded/lib/ruby/gems/2.4.0/gems/test-kitchen-1.19.2/lib/kitchen/command.rb:174:in `run_action'
E, [2018-01-06T01:48:40.582320 #6091] ERROR -- Kitchen: /opt/chefdk/embedded/lib/ruby/gems/2.4.0/gems/test-kitchen-1.19.2/lib/kitchen/command/action.rb:36:in `block in call'
E, [2018-01-06T01:48:40.582349 #6091] ERROR -- Kitchen: /opt/chefdk/embedded/lib/ruby/2.4.0/benchmark.rb:293:in `measure'
E, [2018-01-06T01:48:40.582378 #6091] ERROR -- Kitchen: /opt/chefdk/embedded/lib/ruby/gems/2.4.0/gems/test-kitchen-1.19.2/lib/kitchen/command/action.rb:34:in `call'
E, [2018-01-06T01:48:40.582414 #6091] ERROR -- Kitchen: /opt/chefdk/embedded/lib/ruby/gems/2.4.0/gems/test-kitchen-1.19.2/lib/kitchen/cli.rb:52:in `perform'
E, [2018-01-06T01:48:40.582462 #6091] ERROR -- Kitchen: /opt/chefdk/embedded/lib/ruby/gems/2.4.0/gems/test-kitchen-1.19.2/lib/kitchen/cli.rb:193:in `block (2 levels) in <class:CLI>'
E, [2018-01-06T01:48:40.582542 #6091] ERROR -- Kitchen: /opt/chefdk/embedded/lib/ruby/gems/2.4.0/gems/thor-0.19.1/lib/thor/command.rb:27:in `run'
E, [2018-01-06T01:48:40.582607 #6091] ERROR -- Kitchen: /opt/chefdk/embedded/lib/ruby/gems/2.4.0/gems/thor-0.19.1/lib/thor/invocation.rb:126:in `invoke_command'
E, [2018-01-06T01:48:40.582641 #6091] ERROR -- Kitchen: /opt/chefdk/embedded/lib/ruby/gems/2.4.0/gems/thor-0.19.1/lib/thor.rb:359:in `dispatch'
E, [2018-01-06T01:48:40.582672 #6091] ERROR -- Kitchen: /opt/chefdk/embedded/lib/ruby/gems/2.4.0/gems/thor-0.19.1/lib/thor/base.rb:440:in `start'
E, [2018-01-06T01:48:40.582701 #6091] ERROR -- Kitchen: /opt/chefdk/embedded/lib/ruby/gems/2.4.0/gems/test-kitchen-1.19.2/bin/kitchen:13:in `block in <top (required)>'
E, [2018-01-06T01:48:40.582730 #6091] ERROR -- Kitchen: /opt/chefdk/embedded/lib/ruby/gems/2.4.0/gems/test-kitchen-1.19.2/lib/kitchen/errors.rb:171:in `with_friendly_errors'
E, [2018-01-06T01:48:40.582758 #6091] ERROR -- Kitchen: /opt/chefdk/embedded/lib/ruby/gems/2.4.0/gems/test-kitchen-1.19.2/bin/kitchen:13:in `<top (required)>'
E, [2018-01-06T01:48:40.582787 #6091] ERROR -- Kitchen: /usr/bin/kitchen:255:in `load'
E, [2018-01-06T01:48:40.582815 #6091] ERROR -- Kitchen: /usr/bin/kitchen:255:in `<main>'
E, [2018-01-06T01:48:40.582903 #6091] ERROR -- Kitchen: ----End Backtrace-----
E, [2018-01-06T01:48:40.582936 #6091] ERROR -- Kitchen: -Composite Exception--
E, [2018-01-06T01:48:40.582964 #6091] ERROR -- Kitchen: Class: Kitchen::InstanceFailure
E, [2018-01-06T01:48:40.582991 #6091] ERROR -- Kitchen: Message: Converge failed on instance <default-ubuntu-1404>.  Please see .kitchen/logs/default-ubuntu-1404.log for more details
E, [2018-01-06T01:48:40.583021 #6091] ERROR -- Kitchen: ----------------------
E, [2018-01-06T01:48:40.583048 #6091] ERROR -- Kitchen: ------Backtrace-------
E, [2018-01-06T01:48:40.583075 #6091] ERROR -- Kitchen: /opt/chefdk/embedded/lib/ruby/gems/2.4.0/gems/test-kitchen-1.19.2/lib/kitchen/provisioner/base.rb:83:in `rescue in call'
E, [2018-01-06T01:48:40.583104 #6091] ERROR -- Kitchen: /opt/chefdk/embedded/lib/ruby/gems/2.4.0/gems/test-kitchen-1.19.2/lib/kitchen/provisioner/base.rb:86:in `call'
E, [2018-01-06T01:48:40.583133 #6091] ERROR -- Kitchen: /opt/chefdk/embedded/lib/ruby/gems/2.4.0/gems/test-kitchen-1.19.2/lib/kitchen/instance.rb:393:in `block in converge_action'
E, [2018-01-06T01:48:40.583172 #6091] ERROR -- Kitchen: /opt/chefdk/embedded/lib/ruby/gems/2.4.0/gems/test-kitchen-1.19.2/lib/kitchen/instance.rb:536:in `synchronize_or_call'
E, [2018-01-06T01:48:40.583204 #6091] ERROR -- Kitchen: /opt/chefdk/embedded/lib/ruby/gems/2.4.0/gems/test-kitchen-1.19.2/lib/kitchen/instance.rb:498:in `block in action'
E, [2018-01-06T01:48:40.583233 #6091] ERROR -- Kitchen: /opt/chefdk/embedded/lib/ruby/2.4.0/benchmark.rb:293:in `measure'
E, [2018-01-06T01:48:40.583261 #6091] ERROR -- Kitchen: /opt/chefdk/embedded/lib/ruby/gems/2.4.0/gems/test-kitchen-1.19.2/lib/kitchen/instance.rb:497:in `action'
E, [2018-01-06T01:48:40.583289 #6091] ERROR -- Kitchen: /opt/chefdk/embedded/lib/ruby/gems/2.4.0/gems/test-kitchen-1.19.2/lib/kitchen/instance.rb:389:in `converge_action'
E, [2018-01-06T01:48:40.583318 #6091] ERROR -- Kitchen: /opt/chefdk/embedded/lib/ruby/gems/2.4.0/gems/test-kitchen-1.19.2/lib/kitchen/instance.rb:368:in `block in transition_to'
E, [2018-01-06T01:48:40.583346 #6091] ERROR -- Kitchen: /opt/chefdk/embedded/lib/ruby/gems/2.4.0/gems/test-kitchen-1.19.2/lib/kitchen/instance.rb:367:in `each'
E, [2018-01-06T01:48:40.583374 #6091] ERROR -- Kitchen: /opt/chefdk/embedded/lib/ruby/gems/2.4.0/gems/test-kitchen-1.19.2/lib/kitchen/instance.rb:367:in `transition_to'
E, [2018-01-06T01:48:40.583402 #6091] ERROR -- Kitchen: /opt/chefdk/embedded/lib/ruby/gems/2.4.0/gems/test-kitchen-1.19.2/lib/kitchen/instance.rb:135:in `converge'
E, [2018-01-06T01:48:40.583431 #6091] ERROR -- Kitchen: /opt/chefdk/embedded/lib/ruby/gems/2.4.0/gems/test-kitchen-1.19.2/lib/kitchen/command.rb:197:in `public_send'
E, [2018-01-06T01:48:40.583459 #6091] ERROR -- Kitchen: /opt/chefdk/embedded/lib/ruby/gems/2.4.0/gems/test-kitchen-1.19.2/lib/kitchen/command.rb:197:in `run_action_in_thread'
E, [2018-01-06T01:48:40.583487 #6091] ERROR -- Kitchen: /opt/chefdk/embedded/lib/ruby/gems/2.4.0/gems/test-kitchen-1.19.2/lib/kitchen/command.rb:169:in `block (2 levels) in run_action'
E, [2018-01-06T01:48:40.583515 #6091] ERROR -- Kitchen: ----End Backtrace-----
E, [2018-01-06T01:48:40.583543 #6091] ERROR -- Kitchen: ---Nested Exception---
E, [2018-01-06T01:48:40.583570 #6091] ERROR -- Kitchen: Class: Kitchen::ActionFailed
E, [2018-01-06T01:48:40.583596 #6091] ERROR -- Kitchen: Message: SSH exited (1) for command: [sh -c '
TEST_KITCHEN="1"; export TEST_KITCHEN
sudo -E /opt/chef/bin/chef-client --local-mode --config /tmp/kitchen/client.rb --log_level auto --force-formatter --no-color --json-attributes /tmp/kitchen/dna.json --chef-zero-port 8889 
']
E, [2018-01-06T01:48:40.583624 #6091] ERROR -- Kitchen: ----------------------
E, [2018-01-06T01:48:40.583650 #6091] ERROR -- Kitchen: ------Backtrace-------
E, [2018-01-06T01:48:40.583677 #6091] ERROR -- Kitchen: /opt/chefdk/embedded/lib/ruby/gems/2.4.0/gems/test-kitchen-1.19.2/lib/kitchen/provisioner/base.rb:83:in `rescue in call'
E, [2018-01-06T01:48:40.583705 #6091] ERROR -- Kitchen: /opt/chefdk/embedded/lib/ruby/gems/2.4.0/gems/test-kitchen-1.19.2/lib/kitchen/provisioner/base.rb:86:in `call'
E, [2018-01-06T01:48:40.583733 #6091] ERROR -- Kitchen: /opt/chefdk/embedded/lib/ruby/gems/2.4.0/gems/test-kitchen-1.19.2/lib/kitchen/instance.rb:393:in `block in converge_action'
E, [2018-01-06T01:48:40.583762 #6091] ERROR -- Kitchen: /opt/chefdk/embedded/lib/ruby/gems/2.4.0/gems/test-kitchen-1.19.2/lib/kitchen/instance.rb:536:in `synchronize_or_call'
E, [2018-01-06T01:48:40.583790 #6091] ERROR -- Kitchen: /opt/chefdk/embedded/lib/ruby/gems/2.4.0/gems/test-kitchen-1.19.2/lib/kitchen/instance.rb:498:in `block in action'
E, [2018-01-06T01:48:40.583818 #6091] ERROR -- Kitchen: /opt/chefdk/embedded/lib/ruby/2.4.0/benchmark.rb:293:in `measure'
E, [2018-01-06T01:48:40.583924 #6091] ERROR -- Kitchen: /opt/chefdk/embedded/lib/ruby/gems/2.4.0/gems/test-kitchen-1.19.2/lib/kitchen/instance.rb:497:in `action'
E, [2018-01-06T01:48:40.583966 #6091] ERROR -- Kitchen: /opt/chefdk/embedded/lib/ruby/gems/2.4.0/gems/test-kitchen-1.19.2/lib/kitchen/instance.rb:389:in `converge_action'
E, [2018-01-06T01:48:40.584004 #6091] ERROR -- Kitchen: /opt/chefdk/embedded/lib/ruby/gems/2.4.0/gems/test-kitchen-1.19.2/lib/kitchen/instance.rb:368:in `block in transition_to'
E, [2018-01-06T01:48:40.584035 #6091] ERROR -- Kitchen: /opt/chefdk/embedded/lib/ruby/gems/2.4.0/gems/test-kitchen-1.19.2/lib/kitchen/instance.rb:367:in `each'
E, [2018-01-06T01:48:40.584063 #6091] ERROR -- Kitchen: /opt/chefdk/embedded/lib/ruby/gems/2.4.0/gems/test-kitchen-1.19.2/lib/kitchen/instance.rb:367:in `transition_to'
E, [2018-01-06T01:48:40.584092 #6091] ERROR -- Kitchen: /opt/chefdk/embedded/lib/ruby/gems/2.4.0/gems/test-kitchen-1.19.2/lib/kitchen/instance.rb:135:in `converge'
E, [2018-01-06T01:48:40.584126 #6091] ERROR -- Kitchen: /opt/chefdk/embedded/lib/ruby/gems/2.4.0/gems/test-kitchen-1.19.2/lib/kitchen/command.rb:197:in `public_send'
E, [2018-01-06T01:48:40.584154 #6091] ERROR -- Kitchen: /opt/chefdk/embedded/lib/ruby/gems/2.4.0/gems/test-kitchen-1.19.2/lib/kitchen/command.rb:197:in `run_action_in_thread'
E, [2018-01-06T01:48:40.584182 #6091] ERROR -- Kitchen: /opt/chefdk/embedded/lib/ruby/gems/2.4.0/gems/test-kitchen-1.19.2/lib/kitchen/command.rb:169:in `block (2 levels) in run_action'
E, [2018-01-06T01:48:40.584211 #6091] ERROR -- Kitchen: ----End Backtrace-----
